d:\kdic\desktop\source\shell\shell\x64\release\vc143.pdb
d:\kdic\desktop\source\shell\shell\x64\release\taskbar.obj
d:\kdic\desktop\source\shell\shell\x64\release\startbutton.obj
d:\kdic\desktop\source\shell\shell\x64\release\shell.obj
d:\kdic\desktop\source\shell\shell\x64\release\desktop.obj
d:\kdic\desktop\source\shell\shell\x64\release\startmenu.obj
d:\kdic\desktop\source\shell\x64\release\shell.exe
d:\kdic\desktop\source\shell\x64\release\shell.pdb
d:\kdic\desktop\source\shell\shell\x64\release\shell.res
d:\kdic\desktop\source\shell\shell\x64\release\shell.ipdb
d:\kdic\desktop\source\shell\shell\x64\release\shell.iobj
d:\kdic\desktop\source\shell\shell\x64\release\shell.tlog\cl.command.1.tlog
d:\kdic\desktop\source\shell\shell\x64\release\shell.tlog\cl.items.tlog
d:\kdic\desktop\source\shell\shell\x64\release\shell.tlog\cl.read.1.tlog
d:\kdic\desktop\source\shell\shell\x64\release\shell.tlog\cl.write.1.tlog
d:\kdic\desktop\source\shell\shell\x64\release\shell.tlog\link.command.1.tlog
d:\kdic\desktop\source\shell\shell\x64\release\shell.tlog\link.read.1.tlog
d:\kdic\desktop\source\shell\shell\x64\release\shell.tlog\link.secondary.1.tlog
d:\kdic\desktop\source\shell\shell\x64\release\shell.tlog\link.write.1.tlog
d:\kdic\desktop\source\shell\shell\x64\release\shell.tlog\rc.command.1.tlog
d:\kdic\desktop\source\shell\shell\x64\release\shell.tlog\rc.read.1.tlog
d:\kdic\desktop\source\shell\shell\x64\release\shell.tlog\rc.write.1.tlog
